# JRE version: OpenJDK Runtime Environment (8.0_212-b04) (build 1.8.0_212-release-1586-b04)
# Java VM: OpenJDK 64-Bit Server VM (25.212-b04 mixed mode windows-amd64 compressed oops)
Heap:
 PSYoungGen      total 423936K, used 162620K [0x00000000e0000000, 0x00000000ff400000, 0x0000000100000000)
  eden space 332288K, 42% used [0x00000000e0000000,0x00000000e8ac60d8,0x00000000f4480000)
  from space 91648K, 22% used [0x00000000f9a80000,0x00000000fae88f88,0x00000000ff400000)
  to   space 88064K, 0% used [0x00000000f4480000,0x00000000f4480000,0x00000000f9a80000)
 ParOldGen       total 277504K, used 150242K [0x00000000a0000000, 0x00000000b0f00000, 0x00000000e0000000)
  object space 277504K, 54% used [0x00000000a0000000,0x00000000a92b8918,0x00000000b0f00000)
 Metaspace       used 108882K, capacity 115984K, committed 117312K, reserved 1150976K
  class space    used 13591K, capacity 14823K, committed 15168K, reserved 1048576K
GC Heap History (10 events):
Event: 29936.672 GC heap before
{Heap before GC invocations=112 (full 6):
 PSYoungGen      total 403456K, used 315148K [0x00000000e0000000, 0x00000000ffa80000, 0x0000000100000000)
  eden space 288768K, 100% used [0x00000000e0000000,0x00000000f1a00000,0x00000000f1a00000)
  from space 114688K, 23% used [0x00000000f1a00000,0x00000000f33c31f8,0x00000000f8a00000)
  to   space 109568K, 0% used [0x00000000f8f80000,0x00000000f8f80000,0x00000000ffa80000)
 ParOldGen       total 277504K, used 144235K [0x00000000a0000000, 0x00000000b0f00000, 0x00000000e0000000)
  object space 277504K, 51% used [0x00000000a0000000,0x00000000a8cdac08,0x00000000b0f00000)
 Metaspace       used 108701K, capacity 115792K, committed 117312K, reserved 1150976K
  class space    used 13589K, capacity 14823K, committed 15168K, reserved 1048576K
Event: 29936.702 GC heap after
Heap after GC invocations=112 (full 6):
 PSYoungGen      total 402944K, used 17148K [0x00000000e0000000, 0x00000000ff400000, 0x0000000100000000)
  eden space 300032K, 0% used [0x00000000e0000000,0x00000000e0000000,0x00000000f2500000)
  from space 102912K, 16% used [0x00000000f8f80000,0x00000000fa03f118,0x00000000ff400000)
  to   space 105984K, 0% used [0x00000000f2500000,0x00000000f2500000,0x00000000f8c80000)
 ParOldGen       total 277504K, used 144413K [0x00000000a0000000, 0x00000000b0f00000, 0x00000000e0000000)
  object space 277504K, 52% used [0x00000000a0000000,0x00000000a8d07718,0x00000000b0f00000)
 Metaspace       used 108701K, capacity 115792K, committed 117312K, reserved 1150976K
  class space    used 13589K, capacity 14823K, committed 15168K, reserved 1048576K
}
Event: 30052.641 GC heap before
{Heap before GC invocations=113 (full 6):
 PSYoungGen      total 402944K, used 317180K [0x00000000e0000000, 0x00000000ff400000, 0x0000000100000000)
  eden space 300032K, 100% used [0x00000000e0000000,0x00000000f2500000,0x00000000f2500000)
  from space 102912K, 16% used [0x00000000f8f80000,0x00000000fa03f118,0x00000000ff400000)
  to   space 105984K, 0% used [0x00000000f2500000,0x00000000f2500000,0x00000000f8c80000)
 ParOldGen       total 277504K, used 144413K [0x00000000a0000000, 0x00000000b0f00000, 0x00000000e0000000)
  object space 277504K, 52% used [0x00000000a0000000,0x00000000a8d07718,0x00000000b0f00000)
 Metaspace       used 108732K, capacity 115792K, committed 117312K, reserved 1150976K
  class space    used 13589K, capacity 14823K, committed 15168K, reserved 1048576K
Event: 30052.677 GC heap after
Heap after GC invocations=113 (full 6):
 PSYoungGen      total 406016K, used 34681K [0x00000000e0000000, 0x00000000ff500000, 0x0000000100000000)
  eden space 300032K, 0% used [0x00000000e0000000,0x00000000e0000000,0x00000000f2500000)
  from space 105984K, 32% used [0x00000000f2500000,0x00000000f46de768,0x00000000f8c80000)
  to   space 98816K, 0% used [0x00000000f9480000,0x00000000f9480000,0x00000000ff500000)
 ParOldGen       total 277504K, used 144689K [0x00000000a0000000, 0x00000000b0f00000, 0x00000000e0000000)
  object space 277504K, 52% used [0x00000000a0000000,0x00000000a8d4c588,0x00000000b0f00000)
 Metaspace       used 108732K, capacity 115792K, committed 117312K, reserved 1150976K
  class space    used 13589K, capacity 14823K, committed 15168K, reserved 1048576K
}
Event: 30062.968 GC heap before
{Heap before GC invocations=114 (full 6):
 PSYoungGen      total 406016K, used 334713K [0x00000000e0000000, 0x00000000ff500000, 0x0000000100000000)
  eden space 300032K, 100% used [0x00000000e0000000,0x00000000f2500000,0x00000000f2500000)
  from space 105984K, 32% used [0x00000000f2500000,0x00000000f46de768,0x00000000f8c80000)
  to   space 98816K, 0% used [0x00000000f9480000,0x00000000f9480000,0x00000000ff500000)
 ParOldGen       total 277504K, used 144689K [0x00000000a0000000, 0x00000000b0f00000, 0x00000000e0000000)
  object space 277504K, 52% used [0x00000000a0000000,0x00000000a8d4c588,0x00000000b0f00000)
 Metaspace       used 108751K, capacity 115920K, committed 117312K, reserved 1150976K
  class space    used 13589K, capacity 14823K, committed 15168K, reserved 1048576K
Event: 30063.004 GC heap after
Heap after GC invocations=114 (full 6):
 PSYoungGen      total 416256K, used 11341K [0x00000000e0000000, 0x00000000ff500000, 0x0000000100000000)
  eden space 317440K, 0% used [0x00000000e0000000,0x00000000e0000000,0x00000000f3600000)
  from space 98816K, 11% used [0x00000000f9480000,0x00000000f9f93770,0x00000000ff500000)
  to   space 96768K, 0% used [0x00000000f3600000,0x00000000f3600000,0x00000000f9480000)
 ParOldGen       total 277504K, used 149843K [0x00000000a0000000, 0x00000000b0f00000, 0x00000000e0000000)
  object space 277504K, 53% used [0x00000000a0000000,0x00000000a9254d30,0x00000000b0f00000)
 Metaspace       used 108751K, capacity 115920K, committed 117312K, reserved 1150976K
  class space    used 13589K, capacity 14823K, committed 15168K, reserved 1048576K
}
Event: 30157.469 GC heap before
{Heap before GC invocations=115 (full 6):
 PSYoungGen      total 416256K, used 328781K [0x00000000e0000000, 0x00000000ff500000, 0x0000000100000000)
  eden space 317440K, 100% used [0x00000000e0000000,0x00000000f3600000,0x00000000f3600000)
  from space 98816K, 11% used [0x00000000f9480000,0x00000000f9f93770,0x00000000ff500000)
  to   space 96768K, 0% used [0x00000000f3600000,0x00000000f3600000,0x00000000f9480000)
 ParOldGen       total 277504K, used 149843K [0x00000000a0000000, 0x00000000b0f00000, 0x00000000e0000000)
  object space 277504K, 53% used [0x00000000a0000000,0x00000000a9254d30,0x00000000b0f00000)
 Metaspace       used 108812K, capacity 115984K, committed 117312K, reserved 1150976K
  class space    used 13591K, capacity 14823K, committed 15168K, reserved 1048576K
Event: 30157.493 GC heap after
Heap after GC invocations=115 (full 6):
 PSYoungGen      total 414208K, used 25829K [0x00000000e0000000, 0x00000000ff400000, 0x0000000100000000)
  eden space 317440K, 0% used [0x00000000e0000000,0x00000000e0000000,0x00000000f3600000)
  from space 96768K, 26% used [0x00000000f3600000,0x00000000f4f39780,0x00000000f9480000)
  to   space 91648K, 0% used [0x00000000f9a80000,0x00000000f9a80000,0x00000000ff400000)
 ParOldGen       total 277504K, used 150059K [0x00000000a0000000, 0x00000000b0f00000, 0x00000000e0000000)
  object space 277504K, 54% used [0x00000000a0000000,0x00000000a928ad60,0x00000000b0f00000)
 Metaspace       used 108812K, capacity 115984K, committed 117312K, reserved 1150976K
  class space    used 13591K, capacity 14823K, committed 15168K, reserved 1048576K
}
Event: 30194.011 GC heap before
{Heap before GC invocations=116 (full 6):
 PSYoungGen      total 414208K, used 343269K [0x00000000e0000000, 0x00000000ff400000, 0x0000000100000000)
  eden space 317440K, 100% used [0x00000000e0000000,0x00000000f3600000,0x00000000f3600000)
  from space 96768K, 26% used [0x00000000f3600000,0x00000000f4f39780,0x00000000f9480000)
  to   space 91648K, 0% used [0x00000000f9a80000,0x00000000f9a80000,0x00000000ff400000)
 ParOldGen       total 277504K, used 150059K [0x00000000a0000000, 0x00000000b0f00000, 0x00000000e0000000)
  object space 277504K, 54% used [0x00000000a0000000,0x00000000a928ad60,0x00000000b0f00000)
 Metaspace       used 108854K, capacity 115984K, committed 117312K, reserved 1150976K
  class space    used 13591K, capacity 14823K, committed 15168K, reserved 1048576K
Event: 30194.036 GC heap after
Heap after GC invocations=116 (full 6):
 PSYoungGen      total 423936K, used 20515K [0x00000000e0000000, 0x00000000ff400000, 0x0000000100000000)
  eden space 332288K, 0% used [0x00000000e0000000,0x00000000e0000000,0x00000000f4480000)
  from space 91648K, 22% used [0x00000000f9a80000,0x00000000fae88f88,0x00000000ff400000)
  to   space 88064K, 0% used [0x00000000f4480000,0x00000000f4480000,0x00000000f9a80000)
 ParOldGen       total 277504K, used 150242K [0x00000000a0000000, 0x00000000b0f00000, 0x00000000e0000000)
  object space 277504K, 54% used [0x00000000a0000000,0x00000000a92b8918,0x00000000b0f00000)
 Metaspace       used 108854K, capacity 115984K, committed 117312K, reserved 1150976K
  class space    used 13591K, capacity 14823K, committed 15168K, reserved 1048576K
}

