# JRE version: OpenJDK Runtime Environment (8.0_212-b04) (build 1.8.0_212-release-1586-b04)
# Java VM: OpenJDK 64-Bit Server VM (25.212-b04 mixed mode windows-amd64 compressed oops)
Heap:
 PSYoungGen      total 318464K, used 292945K [0x00000000e0000000, 0x00000000f6500000, 0x0000000100000000)
  eden space 272384K, 100% used [0x00000000e0000000,0x00000000f0a00000,0x00000000f0a00000)
  from space 46080K, 44% used [0x00000000f0a00000,0x00000000f1e147a0,0x00000000f3700000)
  to   space 44544K, 53% used [0x00000000f3980000,0x00000000f50f6078,0x00000000f6500000)
 ParOldGen       total 259072K, used 92582K [0x00000000a0000000, 0x00000000afd00000, 0x00000000e0000000)
  object space 259072K, 35% used [0x00000000a0000000,0x00000000a5a69b28,0x00000000afd00000)
 Metaspace       used 96757K, capacity 102594K, committed 102784K, reserved 1138688K
  class space    used 12536K, capacity 13652K, committed 13696K, reserved 1048576K
GC Heap History (10 events):
Event: 898.997 GC heap after
Heap after GC invocations=31 (full 4):
 PSYoungGen      total 310272K, used 23801K [0x00000000e0000000, 0x00000000f6380000, 0x0000000100000000)
  eden space 261120K, 0% used [0x00000000e0000000,0x00000000e0000000,0x00000000eff00000)
  from space 49152K, 48% used [0x00000000eff00000,0x00000000f163e4d8,0x00000000f2f00000)
  to   space 47104K, 0% used [0x00000000f3580000,0x00000000f3580000,0x00000000f6380000)
 ParOldGen       total 259072K, used 92542K [0x00000000a0000000, 0x00000000afd00000, 0x00000000e0000000)
  object space 259072K, 35% used [0x00000000a0000000,0x00000000a5a5fb28,0x00000000afd00000)
 Metaspace       used 95599K, capacity 100970K, committed 101120K, reserved 1136640K
  class space    used 12454K, capacity 13510K, committed 13568K, reserved 1048576K
}
Event: 1026.929 GC heap before
{Heap before GC invocations=32 (full 4):
 PSYoungGen      total 310272K, used 282605K [0x00000000e0000000, 0x00000000f6380000, 0x0000000100000000)
  eden space 261120K, 99% used [0x00000000e0000000,0x00000000efcbd2f0,0x00000000eff00000)
  from space 49152K, 48% used [0x00000000eff00000,0x00000000f163e4d8,0x00000000f2f00000)
  to   space 47104K, 0% used [0x00000000f3580000,0x00000000f3580000,0x00000000f6380000)
 ParOldGen       total 259072K, used 92542K [0x00000000a0000000, 0x00000000afd00000, 0x00000000e0000000)
  object space 259072K, 35% used [0x00000000a0000000,0x00000000a5a5fb28,0x00000000afd00000)
 Metaspace       used 96090K, capacity 101828K, committed 102016K, reserved 1138688K
  class space    used 12509K, capacity 13635K, committed 13696K, reserved 1048576K
Event: 1027.009 GC heap after
Heap after GC invocations=32 (full 4):
 PSYoungGen      total 314880K, used 35455K [0x00000000e0000000, 0x00000000f6600000, 0x0000000100000000)
  eden space 267776K, 0% used [0x00000000e0000000,0x00000000e0000000,0x00000000f0580000)
  from space 47104K, 75% used [0x00000000f3580000,0x00000000f581fd78,0x00000000f6380000)
  to   space 49152K, 0% used [0x00000000f0580000,0x00000000f0580000,0x00000000f3580000)
 ParOldGen       total 259072K, used 92550K [0x00000000a0000000, 0x00000000afd00000, 0x00000000e0000000)
  object space 259072K, 35% used [0x00000000a0000000,0x00000000a5a61b28,0x00000000afd00000)
 Metaspace       used 96090K, capacity 101828K, committed 102016K, reserved 1138688K
  class space    used 12509K, capacity 13635K, committed 13696K, reserved 1048576K
}
Event: 1088.743 GC heap before
{Heap before GC invocations=33 (full 4):
 PSYoungGen      total 314880K, used 303231K [0x00000000e0000000, 0x00000000f6600000, 0x0000000100000000)
  eden space 267776K, 100% used [0x00000000e0000000,0x00000000f0580000,0x00000000f0580000)
  from space 47104K, 75% used [0x00000000f3580000,0x00000000f581fd78,0x00000000f6380000)
  to   space 49152K, 0% used [0x00000000f0580000,0x00000000f0580000,0x00000000f3580000)
 ParOldGen       total 259072K, used 92550K [0x00000000a0000000, 0x00000000afd00000, 0x00000000e0000000)
  object space 259072K, 35% used [0x00000000a0000000,0x00000000a5a61b28,0x00000000afd00000)
 Metaspace       used 96230K, capacity 102036K, committed 102272K, reserved 1138688K
  class space    used 12516K, capacity 13647K, committed 13696K, reserved 1048576K
Event: 1088.774 GC heap after
Heap after GC invocations=33 (full 4):
 PSYoungGen      total 316928K, used 27024K [0x00000000e0000000, 0x00000000f6880000, 0x0000000100000000)
  eden space 267776K, 0% used [0x00000000e0000000,0x00000000e0000000,0x00000000f0580000)
  from space 49152K, 54% used [0x00000000f0580000,0x00000000f1fe4248,0x00000000f3580000)
  to   space 47616K, 0% used [0x00000000f3a00000,0x00000000f3a00000,0x00000000f6880000)
 ParOldGen       total 259072K, used 92558K [0x00000000a0000000, 0x00000000afd00000, 0x00000000e0000000)
  object space 259072K, 35% used [0x00000000a0000000,0x00000000a5a63b28,0x00000000afd00000)
 Metaspace       used 96230K, capacity 102036K, committed 102272K, reserved 1138688K
  class space    used 12516K, capacity 13647K, committed 13696K, reserved 1048576K
}
Event: 2527.313 GC heap before
{Heap before GC invocations=34 (full 4):
 PSYoungGen      total 316928K, used 294800K [0x00000000e0000000, 0x00000000f6880000, 0x0000000100000000)
  eden space 267776K, 100% used [0x00000000e0000000,0x00000000f0580000,0x00000000f0580000)
  from space 49152K, 54% used [0x00000000f0580000,0x00000000f1fe4248,0x00000000f3580000)
  to   space 47616K, 0% used [0x00000000f3a00000,0x00000000f3a00000,0x00000000f6880000)
 ParOldGen       total 259072K, used 92558K [0x00000000a0000000, 0x00000000afd00000, 0x00000000e0000000)
  object space 259072K, 35% used [0x00000000a0000000,0x00000000a5a63b28,0x00000000afd00000)
 Metaspace       used 96389K, capacity 102188K, committed 102272K, reserved 1138688K
  class space    used 12518K, capacity 13651K, committed 13696K, reserved 1048576K
Event: 2527.341 GC heap after
Heap after GC invocations=34 (full 4):
 PSYoungGen      total 315392K, used 19280K [0x00000000e0000000, 0x00000000f6400000, 0x0000000100000000)
  eden space 272384K, 0% used [0x00000000e0000000,0x00000000e0000000,0x00000000f0a00000)
  from space 43008K, 44% used [0x00000000f3a00000,0x00000000f4cd4238,0x00000000f6400000)
  to   space 46080K, 0% used [0x00000000f0a00000,0x00000000f0a00000,0x00000000f3700000)
 ParOldGen       total 259072K, used 92566K [0x00000000a0000000, 0x00000000afd00000, 0x00000000e0000000)
  object space 259072K, 35% used [0x00000000a0000000,0x00000000a5a65b28,0x00000000afd00000)
 Metaspace       used 96389K, capacity 102188K, committed 102272K, reserved 1138688K
  class space    used 12518K, capacity 13651K, committed 13696K, reserved 1048576K
}
Event: 2683.579 GC heap before
{Heap before GC invocations=35 (full 4):
 PSYoungGen      total 315392K, used 291664K [0x00000000e0000000, 0x00000000f6400000, 0x0000000100000000)
  eden space 272384K, 100% used [0x00000000e0000000,0x00000000f0a00000,0x00000000f0a00000)
  from space 43008K, 44% used [0x00000000f3a00000,0x00000000f4cd4238,0x00000000f6400000)
  to   space 46080K, 0% used [0x00000000f0a00000,0x00000000f0a00000,0x00000000f3700000)
 ParOldGen       total 259072K, used 92566K [0x00000000a0000000, 0x00000000afd00000, 0x00000000e0000000)
  object space 259072K, 35% used [0x00000000a0000000,0x00000000a5a65b28,0x00000000afd00000)
 Metaspace       used 96549K, capacity 102390K, committed 102528K, reserved 1138688K
  class space    used 12525K, capacity 13652K, committed 13696K, reserved 1048576K
Event: 2683.628 GC heap after
Heap after GC invocations=35 (full 4):
 PSYoungGen      total 318464K, used 20561K [0x00000000e0000000, 0x00000000f6500000, 0x0000000100000000)
  eden space 272384K, 0% used [0x00000000e0000000,0x00000000e0000000,0x00000000f0a00000)
  from space 46080K, 44% used [0x00000000f0a00000,0x00000000f1e147a0,0x00000000f3700000)
  to   space 44544K, 0% used [0x00000000f3980000,0x00000000f3980000,0x00000000f6500000)
 ParOldGen       total 259072K, used 92574K [0x00000000a0000000, 0x00000000afd00000, 0x00000000e0000000)
  object space 259072K, 35% used [0x00000000a0000000,0x00000000a5a67b28,0x00000000afd00000)
 Metaspace       used 96549K, capacity 102390K, committed 102528K, reserved 1138688K
  class space    used 12525K, capacity 13652K, committed 13696K, reserved 1048576K
}
Event: 2691.186 GC heap before
{Heap before GC invocations=36 (full 4):
 PSYoungGen      total 318464K, used 292945K [0x00000000e0000000, 0x00000000f6500000, 0x0000000100000000)
  eden space 272384K, 100% used [0x00000000e0000000,0x00000000f0a00000,0x00000000f0a00000)
  from space 46080K, 44% used [0x00000000f0a00000,0x00000000f1e147a0,0x00000000f3700000)
  to   space 44544K, 0% used [0x00000000f3980000,0x00000000f3980000,0x00000000f6500000)
 ParOldGen       total 259072K, used 92574K [0x00000000a0000000, 0x00000000afd00000, 0x00000000e0000000)
  object space 259072K, 35% used [0x00000000a0000000,0x00000000a5a67b28,0x00000000afd00000)
 Metaspace       used 96757K, capacity 102594K, committed 102784K, reserved 1138688K
  class space    used 12536K, capacity 13652K, committed 13696K, reserved 1048576K

