# JRE version: OpenJDK Runtime Environment (8.0_212-b04) (build 1.8.0_212-release-1586-b04)
# Java VM: OpenJDK 64-Bit Server VM (25.212-b04 mixed mode windows-amd64 compressed oops)
Heap:
 PSYoungGen      total 263168K, used 263164K [0x00000000e0000000, 0x00000000f2780000, 0x0000000100000000)
  eden space 238080K, 100% used [0x00000000e0000000,0x00000000ee880000,0x00000000ee880000)
  from space 25088K, 99% used [0x00000000f0600000,0x00000000f1e7f080,0x00000000f1e80000)
  to   space 30208K, 73% used [0x00000000ee880000,0x00000000efe4d798,0x00000000f0600000)
 ParOldGen       total 137216K, used 83686K [0x00000000a0000000, 0x00000000a8600000, 0x00000000e0000000)
  object space 137216K, 61% used [0x00000000a0000000,0x00000000a51bd910,0x00000000a8600000)
 Metaspace       used 85973K, capacity 89490K, committed 89600K, reserved 1126400K
  class space    used 11137K, capacity 11942K, committed 12032K, reserved 1048576K
GC Heap History (10 events):
Event: 23.852 GC heap after
Heap after GC invocations=15 (full 3):
 PSYoungGen      total 198656K, used 0K [0x00000000e0000000, 0x00000000edc00000, 0x0000000100000000)
  eden space 180736K, 0% used [0x00000000e0000000,0x00000000e0000000,0x00000000eb080000)
  from space 17920K, 0% used [0x00000000ec100000,0x00000000ec100000,0x00000000ed280000)
  to   space 16896K, 0% used [0x00000000eb080000,0x00000000eb080000,0x00000000ec100000)
 ParOldGen       total 137216K, used 36583K [0x00000000a0000000, 0x00000000a8600000, 0x00000000e0000000)
  object space 137216K, 26% used [0x00000000a0000000,0x00000000a23b9e90,0x00000000a8600000)
 Metaspace       used 57255K, capacity 59036K, committed 59136K, reserved 1099776K
  class space    used 7718K, capacity 8172K, committed 8192K, reserved 1048576K
}
Event: 27.902 GC heap before
{Heap before GC invocations=16 (full 3):
 PSYoungGen      total 198656K, used 180736K [0x00000000e0000000, 0x00000000edc00000, 0x0000000100000000)
  eden space 180736K, 100% used [0x00000000e0000000,0x00000000eb080000,0x00000000eb080000)
  from space 17920K, 0% used [0x00000000ec100000,0x00000000ec100000,0x00000000ed280000)
  to   space 16896K, 0% used [0x00000000eb080000,0x00000000eb080000,0x00000000ec100000)
 ParOldGen       total 137216K, used 36583K [0x00000000a0000000, 0x00000000a8600000, 0x00000000e0000000)
  object space 137216K, 26% used [0x00000000a0000000,0x00000000a23b9e90,0x00000000a8600000)
 Metaspace       used 65823K, capacity 68304K, committed 68480K, reserved 1107968K
  class space    used 9023K, capacity 9598K, committed 9600K, reserved 1048576K
Event: 27.927 GC heap after
Heap after GC invocations=16 (full 3):
 PSYoungGen      total 197632K, used 15482K [0x00000000e0000000, 0x00000000ef700000, 0x0000000100000000)
  eden space 180736K, 0% used [0x00000000e0000000,0x00000000e0000000,0x00000000eb080000)
  from space 16896K, 91% used [0x00000000eb080000,0x00000000ebf9eaa8,0x00000000ec100000)
  to   space 18432K, 0% used [0x00000000ee500000,0x00000000ee500000,0x00000000ef700000)
 ParOldGen       total 137216K, used 36591K [0x00000000a0000000, 0x00000000a8600000, 0x00000000e0000000)
  object space 137216K, 26% used [0x00000000a0000000,0x00000000a23bbe90,0x00000000a8600000)
 Metaspace       used 65823K, capacity 68304K, committed 68480K, reserved 1107968K
  class space    used 9023K, capacity 9598K, committed 9600K, reserved 1048576K
}
Event: 33.089 GC heap before
{Heap before GC invocations=17 (full 3):
 PSYoungGen      total 197632K, used 196218K [0x00000000e0000000, 0x00000000ef700000, 0x0000000100000000)
  eden space 180736K, 100% used [0x00000000e0000000,0x00000000eb080000,0x00000000eb080000)
  from space 16896K, 91% used [0x00000000eb080000,0x00000000ebf9eaa8,0x00000000ec100000)
  to   space 18432K, 0% used [0x00000000ee500000,0x00000000ee500000,0x00000000ef700000)
 ParOldGen       total 137216K, used 36591K [0x00000000a0000000, 0x00000000a8600000, 0x00000000e0000000)
  object space 137216K, 26% used [0x00000000a0000000,0x00000000a23bbe90,0x00000000a8600000)
 Metaspace       used 69938K, capacity 72486K, committed 72832K, reserved 1112064K
  class space    used 9469K, capacity 10045K, committed 10112K, reserved 1048576K
Event: 33.136 GC heap after
Heap after GC invocations=17 (full 3):
 PSYoungGen      total 229888K, used 18401K [0x00000000e0000000, 0x00000000efe80000, 0x0000000100000000)
  eden space 211456K, 0% used [0x00000000e0000000,0x00000000e0000000,0x00000000ece80000)
  from space 18432K, 99% used [0x00000000ee500000,0x00000000ef6f8500,0x00000000ef700000)
  to   space 23040K, 0% used [0x00000000ece80000,0x00000000ece80000,0x00000000ee500000)
 ParOldGen       total 137216K, used 42683K [0x00000000a0000000, 0x00000000a8600000, 0x00000000e0000000)
  object space 137216K, 31% used [0x00000000a0000000,0x00000000a29aec00,0x00000000a8600000)
 Metaspace       used 69938K, capacity 72486K, committed 72832K, reserved 1112064K
  class space    used 9469K, capacity 10045K, committed 10112K, reserved 1048576K
}
Event: 615.888 GC heap before
{Heap before GC invocations=18 (full 3):
 PSYoungGen      total 229888K, used 229857K [0x00000000e0000000, 0x00000000efe80000, 0x0000000100000000)
  eden space 211456K, 100% used [0x00000000e0000000,0x00000000ece80000,0x00000000ece80000)
  from space 18432K, 99% used [0x00000000ee500000,0x00000000ef6f8500,0x00000000ef700000)
  to   space 23040K, 0% used [0x00000000ece80000,0x00000000ece80000,0x00000000ee500000)
 ParOldGen       total 137216K, used 42683K [0x00000000a0000000, 0x00000000a8600000, 0x00000000e0000000)
  object space 137216K, 31% used [0x00000000a0000000,0x00000000a29aec00,0x00000000a8600000)
 Metaspace       used 76538K, capacity 79872K, committed 80000K, reserved 1118208K
  class space    used 10086K, capacity 10843K, committed 10880K, reserved 1048576K
Event: 615.961 GC heap after
Heap after GC invocations=18 (full 3):
 PSYoungGen      total 234496K, used 18887K [0x00000000e0000000, 0x00000000f1e80000, 0x0000000100000000)
  eden space 211456K, 0% used [0x00000000e0000000,0x00000000e0000000,0x00000000ece80000)
  from space 23040K, 81% used [0x00000000ece80000,0x00000000ee0f1d78,0x00000000ee500000)
  to   space 25088K, 0% used [0x00000000f0600000,0x00000000f0600000,0x00000000f1e80000)
 ParOldGen       total 137216K, used 59631K [0x00000000a0000000, 0x00000000a8600000, 0x00000000e0000000)
  object space 137216K, 43% used [0x00000000a0000000,0x00000000a3a3bd10,0x00000000a8600000)
 Metaspace       used 76538K, capacity 79872K, committed 80000K, reserved 1118208K
  class space    used 10086K, capacity 10843K, committed 10880K, reserved 1048576K
}
Event: 623.584 GC heap before
{Heap before GC invocations=19 (full 3):
 PSYoungGen      total 234496K, used 230343K [0x00000000e0000000, 0x00000000f1e80000, 0x0000000100000000)
  eden space 211456K, 100% used [0x00000000e0000000,0x00000000ece80000,0x00000000ece80000)
  from space 23040K, 81% used [0x00000000ece80000,0x00000000ee0f1d78,0x00000000ee500000)
  to   space 25088K, 0% used [0x00000000f0600000,0x00000000f0600000,0x00000000f1e80000)
 ParOldGen       total 137216K, used 59631K [0x00000000a0000000, 0x00000000a8600000, 0x00000000e0000000)
  object space 137216K, 43% used [0x00000000a0000000,0x00000000a3a3bd10,0x00000000a8600000)
 Metaspace       used 79959K, capacity 83386K, committed 83456K, reserved 1122304K
  class space    used 10473K, capacity 11230K, committed 11264K, reserved 1048576K
Event: 623.638 GC heap after
Heap after GC invocations=19 (full 3):
 PSYoungGen      total 263168K, used 25084K [0x00000000e0000000, 0x00000000f2780000, 0x0000000100000000)
  eden space 238080K, 0% used [0x00000000e0000000,0x00000000e0000000,0x00000000ee880000)
  from space 25088K, 99% used [0x00000000f0600000,0x00000000f1e7f080,0x00000000f1e80000)
  to   space 30208K, 0% used [0x00000000ee880000,0x00000000ee880000,0x00000000f0600000)
 ParOldGen       total 137216K, used 64269K [0x00000000a0000000, 0x00000000a8600000, 0x00000000e0000000)
  object space 137216K, 46% used [0x00000000a0000000,0x00000000a3ec3730,0x00000000a8600000)
 Metaspace       used 79959K, capacity 83386K, committed 83456K, reserved 1122304K
  class space    used 10473K, capacity 11230K, committed 11264K, reserved 1048576K
}
Event: 628.247 GC heap before
{Heap before GC invocations=20 (full 3):
 PSYoungGen      total 263168K, used 263164K [0x00000000e0000000, 0x00000000f2780000, 0x0000000100000000)
  eden space 238080K, 100% used [0x00000000e0000000,0x00000000ee880000,0x00000000ee880000)
  from space 25088K, 99% used [0x00000000f0600000,0x00000000f1e7f080,0x00000000f1e80000)
  to   space 30208K, 0% used [0x00000000ee880000,0x00000000ee880000,0x00000000f0600000)
 ParOldGen       total 137216K, used 64269K [0x00000000a0000000, 0x00000000a8600000, 0x00000000e0000000)
  object space 137216K, 46% used [0x00000000a0000000,0x00000000a3ec3730,0x00000000a8600000)
 Metaspace       used 85973K, capacity 89490K, committed 89600K, reserved 1126400K
  class space    used 11137K, capacity 11942K, committed 12032K, reserved 1048576K

